0607e798-3ddd-42cd-9ac5-4c7b2d2dfa64 bpinsard@elm.criugm.qc.ca:/scratch/tmp/tmpmdg6lw2v timestamp=1665590622.890621571s
06b924ef-8ccb-4d66-bcbd-46cad6d8324c bpinsard@elm.criugm.qc.ca:/tmp/tmpvzk66hjk timestamp=1659124731.374395465s
06eb82ae-b1a6-4cbb-8cfe-a05b077e562a bpinsard@elm.criugm.qc.ca:/scratch/tmp/tmpke4ulrsq timestamp=1665590007.621422403s
11724075-41b1-4c27-8e0b-ee81ccc1567e bpinsard@elm.criugm.qc.ca:/scratch/tmp/tmpn1kuup4h timestamp=1665589047.103100511s
19812a1c-b2ed-467a-a414-6ef97b96c5d3 bpinsard@elm.criugm.qc.ca:/tmp/tmp3w3m61wv timestamp=1659447216.585052607s
1b347193-2a21-45d0-93dc-fb65406aed46 bpinsard@elm.criugm.qc.ca:/tmp/tmp5dpykigz timestamp=1659456668.912682649s
200abda5-0eab-4a1a-b044-6c255c4edee6 bpinsard@elm.criugm.qc.ca:/scratch/tmp/tmp0092mbeg timestamp=1665590525.091381601s
287cd425-8c36-4335-988b-2fb1f354438c bpinsard@elm.criugm.qc.ca:/tmp/tmpxt8t2ile timestamp=1659145493.583810577s
36ad5af3-9c51-4033-b07e-d808f35d1fb0 bpinsard@elm.criugm.qc.ca:/scratch/tmp/tmp7z6yyt98 timestamp=1665588991.354462347s
38f54231-9a7a-4802-b718-3dc349e65499 bpinsard@elm.criugm.qc.ca:/scratch/tmp/tmpo44egu0y timestamp=1665590945.755610027s
4030903e-9299-47b9-9825-a0239e9422b4 bpinsard@elm.criugm.qc.ca:/scratch/tmp/tmplu390x_l timestamp=1665590137.494091694s
5b0745ad-7aab-491c-a902-74cd8eb7a001 bpinsard@elm.criugm.qc.ca:/scratch/tmp/tmpvnsm86wa timestamp=1665591046.516906468s
6749ab1b-5443-40db-9e4c-d96c96c5b085 bpinsard@elm.criugm.qc.ca:/scratch/tmp/tmpo4p1i4dm timestamp=1665589822.862179401s
6c063731-91e9-4f6c-9b65-e8d60c50bc8c bpinsard@elm.criugm.qc.ca:/data/neuromod/DATA/cneuromod/mariostars timestamp=1659117495.492520969s
7359d109-0bd8-497e-91d0-1c2ae848760b bpinsard@elm.criugm.qc.ca:/scratch/tmp/tmp_g3qi2_1 timestamp=1665590837.771768799s
78b9e308-960f-40b2-acb4-69e2fe26968e bpinsard@elm.criugm.qc.ca:/scratch/tmp/tmpog3bhq2y timestamp=1665589002.002549755s
79a401f6-89ab-4c9f-a53f-30790dd68137 bpinsard@elm.criugm.qc.ca:/scratch/tmp/tmp1k9mfvjw timestamp=1665589069.685000447s
7aa9e40d-2f07-4139-9b46-dae8e15e9f4e bpinsard@elm.criugm.qc.ca:/scratch/tmp/tmpyzb3fqmr timestamp=1665590119.19585992s
7b0d5658-7db0-4bf2-a122-20e7fccf020d bpinsard@elm.criugm.qc.ca:/tmp/tmpmp7_4n7f timestamp=1659125766.586124261s
84763472-37b9-4a59-bfee-0af188a0a99b bpinsard@elm.criugm.qc.ca:/scratch/tmp/tmp7tl92z7u timestamp=1665591816.152715812s
8c2b3b99-cc93-4f1b-9cb5-635be9ce6e34 bpinsard@elm.criugm.qc.ca:/scratch/tmp/tmph97e66qo timestamp=1665589035.740588668s
9f3ea6cb-e47d-4e6f-8f09-96c3b73df2b3 bpinsard@elm.criugm.qc.ca:/tmp/tmpwdyo5nkv timestamp=1659556435.301079182s
b91a6b8b-7a83-4fbf-8f59-f341ec060339 bpinsard@elm.criugm.qc.ca:/scratch/tmp/tmpzqlccg8v timestamp=1665589096.069819891s
d0826c0a-44d9-4bc6-8832-8dbf5df62f4a bpinsard@elm.criugm.qc.ca:/scratch/tmp/tmpi04f6t8q timestamp=1665589012.797849827s
f3973d72-76f4-491f-89fa-27764e518d67 ria-sequoia-storage timestamp=1659119651.809924293s
fce348c6-fb43-4f52-a9ff-d76e271cd725 bpinsard@elm.criugm.qc.ca:/scratch/tmp/tmpezf96j4e timestamp=1665589058.411183442s
ffa246e8-31ce-40dd-94c3-dee57de60741 bpinsard@elm.criugm.qc.ca:/tmp/tmpu8djn16e timestamp=1659451766.274033198s
